This is pdfTeX, Version 3.14159265-2.6-1.40.17 (TeX Live 2016) (preloaded format=pdflatex 2016.11.7)  9 DEC 2016 18:29
entering extended mode
 restricted \write18 enabled.
 %&-line parsing enabled.
**DD.tex
(./DD.tex
LaTeX2e <2016/03/31> patch level 3
Babel <3.9r> and hyphenation patterns for 83 language(s) loaded.
(/usr/local/texlive/2016/texmf-dist/tex/latex/base/article.cls
Document Class: article 2014/09/29 v1.4h Standard LaTeX document class
(/usr/local/texlive/2016/texmf-dist/tex/latex/base/size10.clo
File: size10.clo 2014/09/29 v1.4h Standard LaTeX file (size option)
)
\c@part=\count79
\c@section=\count80
\c@subsection=\count81
\c@subsubsection=\count82
\c@paragraph=\count83
\c@subparagraph=\count84
\c@figure=\count85
\c@table=\count86
\abovecaptionskip=\skip41
\belowcaptionskip=\skip42
\bibindent=\dimen102
)
(/usr/local/texlive/2016/texmf-dist/tex/latex/graphics/graphicx.sty
Package: graphicx 2014/10/28 v1.0g Enhanced LaTeX Graphics (DPC,SPQR)

(/usr/local/texlive/2016/texmf-dist/tex/latex/graphics/keyval.sty
Package: keyval 2014/10/28 v1.15 key=value parser (DPC)
\KV@toks@=\toks14
)
(/usr/local/texlive/2016/texmf-dist/tex/latex/graphics/graphics.sty
Package: graphics 2016/07/10 v1.0t Standard LaTeX Graphics (DPC,SPQR)

(/usr/local/texlive/2016/texmf-dist/tex/latex/graphics/trig.sty
Package: trig 2016/01/03 v1.10 sin cos tan (DPC)
)
(/usr/local/texlive/2016/texmf-dist/tex/latex/graphics-cfg/graphics.cfg
File: graphics.cfg 2016/06/04 v1.11 sample graphics configuration
)
Package graphics Info: Driver file: pdftex.def on input line 99.

(/usr/local/texlive/2016/texmf-dist/tex/latex/graphics-def/pdftex.def
File: pdftex.def 2016/07/10 v0.06j Graphics/color for pdfTeX

(/usr/local/texlive/2016/texmf-dist/tex/generic/oberdiek/infwarerr.sty
Package: infwarerr 2016/05/16 v1.4 Providing info/warning/error messages (HO)
)
(/usr/local/texlive/2016/texmf-dist/tex/generic/oberdiek/ltxcmds.sty
Package: ltxcmds 2016/05/16 v1.23 LaTeX kernel commands for general use (HO)
)
\Gread@gobject=\count87
))
\Gin@req@height=\dimen103
\Gin@req@width=\dimen104
)
(/usr/local/texlive/2016/texmf-dist/tex/latex/listings/listings.sty
\lst@mode=\count88
\lst@gtempboxa=\box26
\lst@token=\toks15
\lst@length=\count89
\lst@currlwidth=\dimen105
\lst@column=\count90
\lst@pos=\count91
\lst@lostspace=\dimen106
\lst@width=\dimen107
\lst@newlines=\count92
\lst@lineno=\count93
\lst@maxwidth=\dimen108

(/usr/local/texlive/2016/texmf-dist/tex/latex/listings/lstmisc.sty
File: lstmisc.sty 2015/06/04 1.6 (Carsten Heinz)
\c@lstnumber=\count94
\lst@skipnumbers=\count95
\lst@framebox=\box27
)
(/usr/local/texlive/2016/texmf-dist/tex/latex/listings/listings.cfg
File: listings.cfg 2015/06/04 1.6 listings configuration
))
Package: listings 2015/06/04 1.6 (Carsten Heinz)

(/usr/local/texlive/2016/texmf-dist/tex/generic/ulem/ulem.sty
\UL@box=\box28
\UL@hyphenbox=\box29
\UL@skip=\skip43
\UL@hook=\toks16
\UL@height=\dimen109
\UL@pe=\count96
\UL@pixel=\dimen110
\ULC@box=\box30
Package: ulem 2012/05/18
\ULdepth=\dimen111
)
(/usr/local/texlive/2016/texmf-dist/tex/latex/caption/caption.sty
Package: caption 2016/02/21 v3.3-144 Customizing captions (AR)

(/usr/local/texlive/2016/texmf-dist/tex/latex/caption/caption3.sty
Package: caption3 2016/05/22 v1.7-166 caption3 kernel (AR)
Package caption3 Info: TeX engine: e-TeX on input line 67.
\captionmargin=\dimen112
\captionmargin@=\dimen113
\captionwidth=\dimen114
\caption@tempdima=\dimen115
\caption@indent=\dimen116
\caption@parindent=\dimen117
\caption@hangindent=\dimen118
)
\c@ContinuedFloat=\count97
Package caption Info: listings package is loaded.
) (./DD.aux)
\openout1 = `DD.aux'.

LaTeX Font Info:    Checking defaults for OML/cmm/m/it on input line 8.
LaTeX Font Info:    ... okay on input line 8.
LaTeX Font Info:    Checking defaults for T1/cmr/m/n on input line 8.
LaTeX Font Info:    ... okay on input line 8.
LaTeX Font Info:    Checking defaults for OT1/cmr/m/n on input line 8.
LaTeX Font Info:    ... okay on input line 8.
LaTeX Font Info:    Checking defaults for OMS/cmsy/m/n on input line 8.
LaTeX Font Info:    ... okay on input line 8.
LaTeX Font Info:    Checking defaults for OMX/cmex/m/n on input line 8.
LaTeX Font Info:    ... okay on input line 8.
LaTeX Font Info:    Checking defaults for U/cmr/m/n on input line 8.
LaTeX Font Info:    ... okay on input line 8.
(/usr/local/texlive/2016/texmf-dist/tex/context/base/mkii/supp-pdf.mkii
[Loading MPS to PDF converter (version 2006.09.02).]
\scratchcounter=\count98
\scratchdimen=\dimen119
\scratchbox=\box31
\nofMPsegments=\count99
\nofMParguments=\count100
\everyMPshowfont=\toks17
\MPscratchCnt=\count101
\MPscratchDim=\dimen120
\MPnumerator=\count102
\makeMPintoPDFobject=\count103
\everyMPtoPDFconversion=\toks18
) (/usr/local/texlive/2016/texmf-dist/tex/generic/oberdiek/pdftexcmds.sty
Package: pdftexcmds 2016/05/21 v0.22 Utility functions of pdfTeX for LuaTeX (HO
)

(/usr/local/texlive/2016/texmf-dist/tex/generic/oberdiek/ifluatex.sty
Package: ifluatex 2016/05/16 v1.4 Provides the ifluatex switch (HO)
Package ifluatex Info: LuaTeX not detected.
)
(/usr/local/texlive/2016/texmf-dist/tex/generic/oberdiek/ifpdf.sty
Package: ifpdf 2016/05/14 v3.1 Provides the ifpdf switch
)
Package pdftexcmds Info: LuaTeX not detected.
Package pdftexcmds Info: \pdf@primitive is available.
Package pdftexcmds Info: \pdf@ifprimitive is available.
Package pdftexcmds Info: \pdfdraftmode found.
)
(/usr/local/texlive/2016/texmf-dist/tex/latex/oberdiek/epstopdf-base.sty
Package: epstopdf-base 2016/05/15 v2.6 Base part for package epstopdf

(/usr/local/texlive/2016/texmf-dist/tex/latex/oberdiek/grfext.sty
Package: grfext 2016/05/16 v1.2 Manage graphics extensions (HO)

(/usr/local/texlive/2016/texmf-dist/tex/generic/oberdiek/kvdefinekeys.sty
Package: kvdefinekeys 2016/05/16 v1.4 Define keys (HO)
))
(/usr/local/texlive/2016/texmf-dist/tex/latex/oberdiek/kvoptions.sty
Package: kvoptions 2016/05/16 v3.12 Key value format for package options (HO)

(/usr/local/texlive/2016/texmf-dist/tex/generic/oberdiek/kvsetkeys.sty
Package: kvsetkeys 2016/05/16 v1.17 Key value parser (HO)

(/usr/local/texlive/2016/texmf-dist/tex/generic/oberdiek/etexcmds.sty
Package: etexcmds 2016/05/16 v1.6 Avoid name clashes with e-TeX commands (HO)
Package etexcmds Info: Could not find \expanded.
(etexcmds)             That can mean that you are not using pdfTeX 1.50 or
(etexcmds)             that some package has redefined \expanded.
(etexcmds)             In the latter case, load this package earlier.
)))
Package epstopdf-base Info: Redefining graphics rule for `.eps' on input line 4
38.
Package grfext Info: Graphics extension search list:
(grfext)             [.png,.pdf,.jpg,.mps,.jpeg,.jbig2,.jb2,.PNG,.PDF,.JPG,.JPE
G,.JBIG2,.JB2,.eps]
(grfext)             \AppendGraphicsExtensions on input line 456.

(/usr/local/texlive/2016/texmf-dist/tex/latex/latexconfig/epstopdf-sys.cfg
File: epstopdf-sys.cfg 2010/07/13 v1.3 Configuration of (r)epstopdf for TeX Liv
e
))
\c@lstlisting=\count104
Package caption Info: Begin \AtBeginDocument code.
Package caption Info: End \AtBeginDocument code.

</home/francesco/git/Project_SE2_RTV/DD/DD_images/logopolimi.png, id=1, 231.866
26pt x 78.2925pt>
File: /home/francesco/git/Project_SE2_RTV/DD/DD_images/logopolimi.png Graphic f
ile (type png)

<use /home/francesco/git/Project_SE2_RTV/DD/DD_images/logopolimi.png>
Package pdftex.def Info: /home/francesco/git/Project_SE2_RTV/DD/DD_images/logop
olimi.png used on input line 14.
(pdftex.def)             Requested size: 231.86568pt x 78.2923pt.
LaTeX Font Info:    External font `cmex10' loaded for size
(Font)              <12> on input line 19.
LaTeX Font Info:    External font `cmex10' loaded for size
(Font)              <8> on input line 19.
LaTeX Font Info:    External font `cmex10' loaded for size
(Font)              <6> on input line 19.
 [1{/usr/local/texlive/2016/texmf-var/fonts/map/pdftex/updmap/pdftex.map}

 </home/francesco/git/Project_SE2_RTV/DD/DD_images/logopolimi.png>] (./DD.toc
LaTeX Font Info:    External font `cmex10' loaded for size
(Font)              <7> on input line 2.
LaTeX Font Info:    External font `cmex10' loaded for size
(Font)              <5> on input line 2.
)
\tf@toc=\write3
\openout3 = `DD.toc'.

 [1]
LaTeX Font Info:    Try loading font information for OMS+cmr on input line 27.

(/usr/local/texlive/2016/texmf-dist/tex/latex/base/omscmr.fd
File: omscmr.fd 2014/09/29 v2.5h Standard LaTeX font definitions
)
LaTeX Font Info:    Font shape `OMS/cmr/m/n' in size <10> not available
(Font)              Font shape `OMS/cmsy/m/n' tried instead on input line 27.
Missing character: There is no ‚ in font cmr10!
Missing character: There is no Ä in font cmr10!
Missing character: There is no ¢ in font cmr10!
Missing character: There is no Ô in font cmr10!
Missing character: There is no ¨ in font cmr10!
Missing character: There is no Å in font cmr10!
Missing character: There is no ‚ in font cmr10!
Missing character: There is no Ä in font cmr10!
Missing character: There is no ¢ in font cmr10!
Missing character: There is no Ô in font cmr10!
Missing character: There is no ¨ in font cmr10!
Missing character: There is no Ä in font cmr10!
Missing character: There is no Ô in font cmr10!
Missing character: There is no ¨ in font cmr10!
Missing character: There is no Å in font cmr10!
 [2]
Overfull \hbox (12.3961pt too wide) in paragraph at lines 55--56
[]$[]$\OT1/cmr/m/n/10 : soft-ware sys-tem that ap-plies changes to the model an
d database; 
 []

Missing character: There is no ‚ in font cmr10!
Missing character: There is no Ä in font cmr10!
Missing character: There is no ¢ in font cmr10!
Missing character: There is no Ô in font cmr10!
Missing character: There is no ¨ in font cmr10!
Missing character: There is no Å in font cmr10!
Missing character: There is no ‚ in font cmr10!
Missing character: There is no Ä in font cmr10!
Missing character: There is no ¢ in font cmr10!
[3]
Missing character: There is no ‚ in font cmr10!
Missing character: There is no Ä in font cmr10!
Missing character: There is no ¢ in font cmr10!
 [4]
</home/francesco/git/Project_SE2_RTV/DD/DD_images/High_level_components.png, id
=27, 1026.83624pt x 564.1075pt>
File: /home/francesco/git/Project_SE2_RTV/DD/DD_images/High_level_components.pn
g Graphic file (type png)

<use /home/francesco/git/Project_SE2_RTV/DD/DD_images/High_level_components.png
>
Package pdftex.def Info: /home/francesco/git/Project_SE2_RTV/DD/DD_images/High_
level_components.png used on input line 85.
(pdftex.def)             Requested size: 410.72722pt x 225.63899pt.

Overfull \hbox (65.72722pt too wide) in paragraph at lines 85--86
[][] 
 []

Missing character: There is no ‚ in font cmr10!
Missing character: There is no Ä in font cmr10!
Missing character: There is no ú in font cmr10!
Missing character: There is no ‚ in font cmr10!
Missing character: There is no Ä in font cmr10!
Missing character: There is no ù in font cmr10!

</home/francesco/git/Project_SE2_RTV/DD/DD_images/Tier_levels.png, id=28, 127.4
7626pt x 481.8pt>
File: /home/francesco/git/Project_SE2_RTV/DD/DD_images/Tier_levels.png Graphic 
file (type png)

<use /home/francesco/git/Project_SE2_RTV/DD/DD_images/Tier_levels.png>
Package pdftex.def Info: /home/francesco/git/Project_SE2_RTV/DD/DD_images/Tier_
levels.png used on input line 93.
(pdftex.def)             Requested size: 76.48633pt x 289.08221pt.
 [5 </home/francesco/git/Project_SE2_RTV/DD/DD_images/High_level_components.png
>]
[6 </home/francesco/git/Project_SE2_RTV/DD/DD_images/Tier_levels.png>]
Missing character: There is no ‚ in font cmr10!
Missing character: There is no Ä in font cmr10!
Missing character: There is no ¢ in font cmr10!
Missing character: There is no ‚ in font cmr10!
Missing character: There is no Ä in font cmr10!
Missing character: There is no ô in font cmr10!
Missing character: There is no ‚ in font cmr10!
Missing character: There is no Ä in font cmr10!
Missing character: There is no ú in font cmr10!
Missing character: There is no ‚ in font cmr10!
Missing character: There is no Ä in font cmr10!
Missing character: There is no ù in font cmr10!
 [7]
</home/francesco/git/Project_SE2_RTV/DD/DD_images/ER.png, id=42, 795.97375pt x 
1518.67375pt>
File: /home/francesco/git/Project_SE2_RTV/DD/DD_images/ER.png Graphic file (typ
e png)
 <use /home/francesco/git/Project_SE2_RTV/DD/DD_images/ER.png>
Package pdftex.def Info: /home/francesco/git/Project_SE2_RTV/DD/DD_images/ER.pn
g used on input line 112.
(pdftex.def)             Requested size: 250.73306pt x 478.38477pt.


LaTeX Warning: `h' float specifier changed to `ht'.

[8 </home/francesco/git/Project_SE2_RTV/DD/DD_images/ER.png>]
</home/francesco/git/Project_SE2_RTV/DD/DD_images/Component_view.png, id=47, 83
6.12375pt x 2391.93625pt>
File: /home/francesco/git/Project_SE2_RTV/DD/DD_images/Component_view.png Graph
ic file (type png)

<use /home/francesco/git/Project_SE2_RTV/DD/DD_images/Component_view.png>
Package pdftex.def Info: /home/francesco/git/Project_SE2_RTV/DD/DD_images/Compo
nent_view.png used on input line 122.
(pdftex.def)             Requested size: 209.03043pt x 597.9826pt.
Missing character: There is no ‚ in font cmr10!
Missing character: There is no Ä in font cmr10!
Missing character: There is no ¢ in font cmr10!


LaTeX Warning: Float too large for page by 40.38257pt on input line 126.

Missing character: There is no ‚ in font cmr10!
Missing character: There is no Ä in font cmr10!
Missing character: There is no ô in font cmr10!
Missing character: There is no ‚ in font cmr10!
Missing character: There is no Ä in font cmr10!
Missing character: There is no ¢ in font cmr10!
[9


] [10 </home/francesco/git/Project_SE2_RTV/DD/DD_images/Component_view.png>]
[11]
</home/francesco/git/Project_SE2_RTV/DD/DD_images/Deployment_view.png, id=58, 5
67.11874pt x 892.33376pt>
File: /home/francesco/git/Project_SE2_RTV/DD/DD_images/Deployment_view.png Grap
hic file (type png)

<use /home/francesco/git/Project_SE2_RTV/DD/DD_images/Deployment_view.png>
Package pdftex.def Info: /home/francesco/git/Project_SE2_RTV/DD/DD_images/Deplo
yment_view.png used on input line 157.
(pdftex.def)             Requested size: 266.03528pt x 418.5936pt.
Missing character: There is no ‚ in font cmr10!
Missing character: There is no Ä in font cmr10!
Missing character: There is no ¢ in font cmr10!

[12 </home/francesco/git/Project_SE2_RTV/DD/DD_images/Deployment_view.png>]
</home/francesco/git/Project_SE2_RTV/DD/DD_images/sequence_diagram_login.png, i
d=64, 1205.50375pt x 1469.49pt>
File: /home/francesco/git/Project_SE2_RTV/DD/DD_images/sequence_diagram_login.p
ng Graphic file (type png)

<use /home/francesco/git/Project_SE2_RTV/DD/DD_images/sequence_diagram_login.pn
g>
Package pdftex.def Info: /home/francesco/git/Project_SE2_RTV/DD/DD_images/seque
nce_diagram_login.png used on input line 167.
(pdftex.def)             Requested size: 343.3882pt x 418.58478pt.
Missing character: There is no ‚ in font cmr10!
Missing character: There is no Ä in font cmr10!
Missing character: There is no ¢ in font cmr10!
 [13 </home/francesco/git/Project_SE2_RTV/DD/DD_images/sequence_diagram_login.p
ng>]
</home/francesco/git/Project_SE2_RTV/DD/DD_images/sequence_diagram_report.png, 
id=69, 938.50626pt x 1668.2325pt>
File: /home/francesco/git/Project_SE2_RTV/DD/DD_images/sequence_diagram_report.
png Graphic file (type png)

<use /home/francesco/git/Project_SE2_RTV/DD/DD_images/sequence_diagram_report.p
ng>
Package pdftex.def Info: /home/francesco/git/Project_SE2_RTV/DD/DD_images/seque
nce_diagram_report.png used on input line 181.
(pdftex.def)             Requested size: 235.48521pt x 418.58441pt.
Missing character: There is no ‚ in font cmr10!
Missing character: There is no Ä in font cmr10!
Missing character: There is no ¢ in font cmr10!
 [14 </home/francesco/git/Project_SE2_RTV/DD/DD_images/sequence_diagram_report.
png>]
</home/francesco/git/Project_SE2_RTV/DD/DD_images/sequence_diagram_saving.png, 
id=74, 847.165pt x 1660.2025pt>
File: /home/francesco/git/Project_SE2_RTV/DD/DD_images/sequence_diagram_saving.
png Graphic file (type png)

<use /home/francesco/git/Project_SE2_RTV/DD/DD_images/sequence_diagram_saving.p
ng>
Package pdftex.def Info: /home/francesco/git/Project_SE2_RTV/DD/DD_images/seque
nce_diagram_saving.png used on input line 193.
(pdftex.def)             Requested size: 213.60046pt x 418.59618pt.
Missing character: There is no ‚ in font cmr10!
Missing character: There is no Ä in font cmr10!
Missing character: There is no ¢ in font cmr10!


LaTeX Warning: `h' float specifier changed to `ht'.

Missing character: There is no ‚ in font cmr10!
Missing character: There is no Ä in font cmr10!
Missing character: There is no ú in font cmr10!
Missing character: There is no ‚ in font cmr10!
Missing character: There is no Ä in font cmr10!
Missing character: There is no ù in font cmr10!
Missing character: There is no ‚ in font cmr10!
Missing character: There is no Ä in font cmr10!
Missing character: There is no ú in font cmr10!
Missing character: There is no ‚ in font cmr10!
Missing character: There is no Ä in font cmr10!
Missing character: There is no ù in font cmr10!
Missing character: There is no ‚ in font cmr10!
Missing character: There is no Ä in font cmr10!
Missing character: There is no ú in font cmr10!
Missing character: There is no ‚ in font cmr10!
Missing character: There is no Ä in font cmr10!
Missing character: There is no ù in font cmr10!
Missing character: There is no ‚ in font cmr10!
Missing character: There is no Ä in font cmr10!
Missing character: There is no ú in font cmr10!
Missing character: There is no ‚ in font cmr10!
Missing character: There is no Ä in font cmr10!
Missing character: There is no ù in font cmr10!
[15] [16 </home/francesco/git/Project_SE2_RTV/DD/DD_images/sequence_diagram_sav
ing.png>]
</home/francesco/git/Project_SE2_RTV/DD/DD_images/component_interfaces.png, id=
82, 1217.54875pt x 706.64pt>
File: /home/francesco/git/Project_SE2_RTV/DD/DD_images/component_interfaces.png
 Graphic file (type png)

<use /home/francesco/git/Project_SE2_RTV/DD/DD_images/component_interfaces.png>
Package pdftex.def Info: /home/francesco/git/Project_SE2_RTV/DD/DD_images/compo
nent_interfaces.png used on input line 208.
(pdftex.def)             Requested size: 344.99855pt x 200.22998pt.
Missing character: There is no ‚ in font cmr10!
Missing character: There is no Ä in font cmr10!
Missing character: There is no ¢ in font cmr10!
[17

 </home/francesco/git/Project_SE2_RTV/DD/DD_images/component_interfaces.png>] (
./DD.aux) ) 
Here is how much of TeX's memory you used:
 3904 strings out of 493013
 62863 string characters out of 6133328
 126426 words of memory out of 5000000
 7416 multiletter control sequences out of 15000+600000
 8347 words of font info for 30 fonts, out of 8000000 for 9000
 1141 hyphenation exceptions out of 8191
 40i,7n,39p,1444b,323s stack positions out of 5000i,500n,10000p,200000b,80000s
</usr/local/texlive/2016/texmf-dist/fonts/type1/public/amsfonts/cm/c
mbx10.pfb></usr/local/texlive/2016/texmf-dist/fonts/type1/public/amsfonts/cm/cm
bx12.pfb></usr/local/texlive/2016/texmf-dist/fonts/type1/public/amsfonts/cm/cmr
10.pfb></usr/local/texlive/2016/texmf-dist/fonts/type1/public/amsfonts/cm/cmr12
.pfb></usr/local/texlive/2016/texmf-dist/fonts/type1/public/amsfonts/cm/cmr17.p
fb></usr/local/texlive/2016/texmf-dist/fonts/type1/public/amsfonts/cm/cmsy10.pf
b></usr/local/texlive/2016/texmf-dist/fonts/type1/public/amsfonts/cm/cmti10.pfb
>
Output written on DD.pdf (18 pages, 632682 bytes).
PDF statistics:
 111 PDF objects out of 1000 (max. 8388607)
 63 compressed objects within 1 object stream
 0 named destinations out of 1000 (max. 500000)
 51 words of extra memory for PDF output out of 10000 (max. 10000000)

