This is pdfTeX, Version 3.14159265-2.6-1.40.17 (TeX Live 2016) (preloaded format=pdflatex 2016.11.7)  7 FEB 2017 22:56
entering extended mode
 restricted \write18 enabled.
 %&-line parsing enabled.
**RASD.tex
(./RASD.tex
LaTeX2e <2016/03/31> patch level 3
Babel <3.9r> and hyphenation patterns for 83 language(s) loaded.
(/usr/local/texlive/2016/texmf-dist/tex/latex/base/article.cls
Document Class: article 2014/09/29 v1.4h Standard LaTeX document class
(/usr/local/texlive/2016/texmf-dist/tex/latex/base/size10.clo
File: size10.clo 2014/09/29 v1.4h Standard LaTeX file (size option)
)
\c@part=\count79
\c@section=\count80
\c@subsection=\count81
\c@subsubsection=\count82
\c@paragraph=\count83
\c@subparagraph=\count84
\c@figure=\count85
\c@table=\count86
\abovecaptionskip=\skip41
\belowcaptionskip=\skip42
\bibindent=\dimen102
)
(/usr/local/texlive/2016/texmf-dist/tex/latex/graphics/graphicx.sty
Package: graphicx 2014/10/28 v1.0g Enhanced LaTeX Graphics (DPC,SPQR)

(/usr/local/texlive/2016/texmf-dist/tex/latex/graphics/keyval.sty
Package: keyval 2014/10/28 v1.15 key=value parser (DPC)
\KV@toks@=\toks14
)
(/usr/local/texlive/2016/texmf-dist/tex/latex/graphics/graphics.sty
Package: graphics 2016/07/10 v1.0t Standard LaTeX Graphics (DPC,SPQR)

(/usr/local/texlive/2016/texmf-dist/tex/latex/graphics/trig.sty
Package: trig 2016/01/03 v1.10 sin cos tan (DPC)
)
(/usr/local/texlive/2016/texmf-dist/tex/latex/graphics-cfg/graphics.cfg
File: graphics.cfg 2016/06/04 v1.11 sample graphics configuration
)
Package graphics Info: Driver file: pdftex.def on input line 99.

(/usr/local/texlive/2016/texmf-dist/tex/latex/graphics-def/pdftex.def
File: pdftex.def 2016/07/10 v0.06j Graphics/color for pdfTeX

(/usr/local/texlive/2016/texmf-dist/tex/generic/oberdiek/infwarerr.sty
Package: infwarerr 2016/05/16 v1.4 Providing info/warning/error messages (HO)
)
(/usr/local/texlive/2016/texmf-dist/tex/generic/oberdiek/ltxcmds.sty
Package: ltxcmds 2016/05/16 v1.23 LaTeX kernel commands for general use (HO)
)
\Gread@gobject=\count87
))
\Gin@req@height=\dimen103
\Gin@req@width=\dimen104
)
(/usr/local/texlive/2016/texmf-dist/tex/latex/tools/tabularx.sty
Package: tabularx 2016/02/03 v2.11 `tabularx' package (DPC)

(/usr/local/texlive/2016/texmf-dist/tex/latex/tools/array.sty
Package: array 2014/10/28 v2.4c Tabular extension package (FMi)
\col@sep=\dimen105
\extrarowheight=\dimen106
\NC@list=\toks15
\extratabsurround=\skip43
\backup@length=\skip44
)
\TX@col@width=\dimen107
\TX@old@table=\dimen108
\TX@old@col=\dimen109
\TX@target=\dimen110
\TX@delta=\dimen111
\TX@cols=\count88
\TX@ftn=\toks16
)
(/usr/local/texlive/2016/texmf-dist/tex/latex/listings/listings.sty
\lst@mode=\count89
\lst@gtempboxa=\box26
\lst@token=\toks17
\lst@length=\count90
\lst@currlwidth=\dimen112
\lst@column=\count91
\lst@pos=\count92
\lst@lostspace=\dimen113
\lst@width=\dimen114
\lst@newlines=\count93
\lst@lineno=\count94
\lst@maxwidth=\dimen115

(/usr/local/texlive/2016/texmf-dist/tex/latex/listings/lstmisc.sty
File: lstmisc.sty 2015/06/04 1.6 (Carsten Heinz)
\c@lstnumber=\count95
\lst@skipnumbers=\count96
\lst@framebox=\box27
)
(/usr/local/texlive/2016/texmf-dist/tex/latex/listings/listings.cfg
File: listings.cfg 2015/06/04 1.6 listings configuration
))
Package: listings 2015/06/04 1.6 (Carsten Heinz)

(/usr/local/texlive/2016/texmf-dist/tex/generic/ulem/ulem.sty
\UL@box=\box28
\UL@hyphenbox=\box29
\UL@skip=\skip45
\UL@hook=\toks18
\UL@height=\dimen116
\UL@pe=\count97
\UL@pixel=\dimen117
\ULC@box=\box30
Package: ulem 2012/05/18
\ULdepth=\dimen118
) (./RASD.aux)
\openout1 = `RASD.aux'.

LaTeX Font Info:    Checking defaults for OML/cmm/m/it on input line 8.
LaTeX Font Info:    ... okay on input line 8.
LaTeX Font Info:    Checking defaults for T1/cmr/m/n on input line 8.
LaTeX Font Info:    ... okay on input line 8.
LaTeX Font Info:    Checking defaults for OT1/cmr/m/n on input line 8.
LaTeX Font Info:    ... okay on input line 8.
LaTeX Font Info:    Checking defaults for OMS/cmsy/m/n on input line 8.
LaTeX Font Info:    ... okay on input line 8.
LaTeX Font Info:    Checking defaults for OMX/cmex/m/n on input line 8.
LaTeX Font Info:    ... okay on input line 8.
LaTeX Font Info:    Checking defaults for U/cmr/m/n on input line 8.
LaTeX Font Info:    ... okay on input line 8.

(/usr/local/texlive/2016/texmf-dist/tex/context/base/mkii/supp-pdf.mkii
[Loading MPS to PDF converter (version 2006.09.02).]
\scratchcounter=\count98
\scratchdimen=\dimen119
\scratchbox=\box31
\nofMPsegments=\count99
\nofMParguments=\count100
\everyMPshowfont=\toks19
\MPscratchCnt=\count101
\MPscratchDim=\dimen120
\MPnumerator=\count102
\makeMPintoPDFobject=\count103
\everyMPtoPDFconversion=\toks20
) (/usr/local/texlive/2016/texmf-dist/tex/generic/oberdiek/pdftexcmds.sty
Package: pdftexcmds 2016/05/21 v0.22 Utility functions of pdfTeX for LuaTeX (HO
)

(/usr/local/texlive/2016/texmf-dist/tex/generic/oberdiek/ifluatex.sty
Package: ifluatex 2016/05/16 v1.4 Provides the ifluatex switch (HO)
Package ifluatex Info: LuaTeX not detected.
)
(/usr/local/texlive/2016/texmf-dist/tex/generic/oberdiek/ifpdf.sty
Package: ifpdf 2016/05/14 v3.1 Provides the ifpdf switch
)
Package pdftexcmds Info: LuaTeX not detected.
Package pdftexcmds Info: \pdf@primitive is available.
Package pdftexcmds Info: \pdf@ifprimitive is available.
Package pdftexcmds Info: \pdfdraftmode found.
)
(/usr/local/texlive/2016/texmf-dist/tex/latex/oberdiek/epstopdf-base.sty
Package: epstopdf-base 2016/05/15 v2.6 Base part for package epstopdf

(/usr/local/texlive/2016/texmf-dist/tex/latex/oberdiek/grfext.sty
Package: grfext 2016/05/16 v1.2 Manage graphics extensions (HO)

(/usr/local/texlive/2016/texmf-dist/tex/generic/oberdiek/kvdefinekeys.sty
Package: kvdefinekeys 2016/05/16 v1.4 Define keys (HO)
))
(/usr/local/texlive/2016/texmf-dist/tex/latex/oberdiek/kvoptions.sty
Package: kvoptions 2016/05/16 v3.12 Key value format for package options (HO)

(/usr/local/texlive/2016/texmf-dist/tex/generic/oberdiek/kvsetkeys.sty
Package: kvsetkeys 2016/05/16 v1.17 Key value parser (HO)

(/usr/local/texlive/2016/texmf-dist/tex/generic/oberdiek/etexcmds.sty
Package: etexcmds 2016/05/16 v1.6 Avoid name clashes with e-TeX commands (HO)
Package etexcmds Info: Could not find \expanded.
(etexcmds)             That can mean that you are not using pdfTeX 1.50 or
(etexcmds)             that some package has redefined \expanded.
(etexcmds)             In the latter case, load this package earlier.
)))
Package epstopdf-base Info: Redefining graphics rule for `.eps' on input line 4
38.
Package grfext Info: Graphics extension search list:
(grfext)             [.png,.pdf,.jpg,.mps,.jpeg,.jbig2,.jb2,.PNG,.PDF,.JPG,.JPE
G,.JBIG2,.JB2,.eps]
(grfext)             \AppendGraphicsExtensions on input line 456.

(/usr/local/texlive/2016/texmf-dist/tex/latex/latexconfig/epstopdf-sys.cfg
File: epstopdf-sys.cfg 2010/07/13 v1.3 Configuration of (r)epstopdf for TeX Liv
e
))
\c@lstlisting=\count104

</home/francesco/git/Project_SE2_RTV/RASD/RASD_images/logopolimi.png, id=1, 231
.86626pt x 78.2925pt>
File: /home/francesco/git/Project_SE2_RTV/RASD/RASD_images/logopolimi.png Graph
ic file (type png)

<use /home/francesco/git/Project_SE2_RTV/RASD/RASD_images/logopolimi.png>
Package pdftex.def Info: /home/francesco/git/Project_SE2_RTV/RASD/RASD_images/l
ogopolimi.png used on input line 13.
(pdftex.def)             Requested size: 231.86568pt x 78.2923pt.
LaTeX Font Info:    External font `cmex10' loaded for size
(Font)              <12> on input line 17.
LaTeX Font Info:    External font `cmex10' loaded for size
(Font)              <8> on input line 17.
LaTeX Font Info:    External font `cmex10' loaded for size
(Font)              <6> on input line 17.

[1{/usr/local/texlive/2016/texmf-var/fonts/map/pdftex/updmap/pdftex.map}

 </home/francesco/git/Project_SE2_RTV/RASD/RASD_images/logopolimi.png>] (./RASD
.toc
LaTeX Font Info:    External font `cmex10' loaded for size
(Font)              <7> on input line 2.
LaTeX Font Info:    External font `cmex10' loaded for size
(Font)              <5> on input line 2.

[1])
\tf@toc=\write3
\openout3 = `RASD.toc'.

 [2]
LaTeX Font Info:    Try loading font information for OMS+cmr on input line 30.
 (/usr/local/texlive/2016/texmf-dist/tex/latex/base/omscmr.fd
File: omscmr.fd 2014/09/29 v2.5h Standard LaTeX font definitions
)
LaTeX Font Info:    Font shape `OMS/cmr/m/n' in size <10> not available
(Font)              Font shape `OMS/cmsy/m/n' tried instead on input line 30.
 [3]
[4]
Missing character: There is no ‚ in font cmr10!
Missing character: There is no Ä in font cmr10!
Missing character: There is no ¢ in font cmr10!
 [5]
Overfull \hbox (0.68181pt too wide) in paragraph at lines 115--116
[]\OT1/cmr/m/n/10 a phys-i-cal per-son that works for the com-pany and whose
 []

[6] [7] [8]
Missing character: There is no ‚ in font cmr10!
Missing character: There is no Ä in font cmr10!
Missing character: There is no ¶ in font cmr10!
 [9] [10]
Missing character: There is no ‚ in font cmr10!
Missing character: There is no Ä in font cmr10!
Missing character: There is no ú in font cmr10!
Missing character: There is no ‚ in font cmr10!
Missing character: There is no Ä in font cmr10!
Missing character: There is no ù in font cmr10!
 [11] [12] [13] [14]
Missing character: There is no ‚ in font cmr10!
Missing character: There is no Ä in font cmr10!
Missing character: There is no ¶ in font cmr10!
 [15]
Missing character: There is no ‚ in font cmr10!
Missing character: There is no Ä in font cmr10!
Missing character: There is no ú in font cmr10!
Missing character: There is no ‚ in font cmr10!
Missing character: There is no Ä in font cmr10!
Missing character: There is no ù in font cmr10!
Missing character: There is no ‚ in font cmr10!
Missing character: There is no Ä in font cmr10!
Missing character: There is no ú in font cmr10!
Missing character: There is no ‚ in font cmr10!
Missing character: There is no Ä in font cmr10!
Missing character: There is no ù in font cmr10!
Missing character: There is no ‚ in font cmr10!
Missing character: There is no Ä in font cmr10!
Missing character: There is no ú in font cmr10!
Missing character: There is no ‚ in font cmr10!
Missing character: There is no Ä in font cmr10!
Missing character: There is no ù in font cmr10!
 [16] [17] [18]
</home/francesco/git/Project_SE2_RTV/RASD/RASD_images/RASDUSECASE.png, id=72, 7
85.93625pt x 954.56625pt>
File: /home/francesco/git/Project_SE2_RTV/RASD/RASD_images/RASDUSECASE.png Grap
hic file (type png)

<use /home/francesco/git/Project_SE2_RTV/RASD/RASD_images/RASDUSECASE.png>
Package pdftex.def Info: /home/francesco/git/Project_SE2_RTV/RASD/RASD_images/R
ASDUSECASE.png used on input line 370.
(pdftex.def)             Requested size: 392.96716pt x 477.28197pt.

Overfull \hbox (47.96716pt too wide) in paragraph at lines 370--371
[][] 
 []

[19 </home/francesco/git/Project_SE2_RTV/RASD/RASD_images/RASDUSECASE.png>]
Missing character: There is no ‚ in font cmr10!
Missing character: There is no Ä in font cmr10!
Missing character: There is no ô in font cmr10!
Missing character: There is no ‚ in font cmr10!
Missing character: There is no Ä in font cmr10!
Missing character: There is no ô in font cmr10!
Missing character: There is no ‚ in font cmr10!
Missing character: There is no Ä in font cmr10!
Missing character: There is no ô in font cmr10!
Missing character: There is no ‚ in font cmr10!
Missing character: There is no Ä in font cmr10!
Missing character: There is no ô in font cmr10!
Missing character: There is no ‚ in font cmr10!
Missing character: There is no Ä in font cmr10!
Missing character: There is no ú in font cmr10!
Missing character: There is no ‚ in font cmr10!
Missing character: There is no Ä in font cmr10!
Missing character: There is no ù in font cmr10!
Missing character: There is no ‚ in font cmr10!
Missing character: There is no Ä in font cmr10!
Missing character: There is no ú in font cmr10!
Missing character: There is no ‚ in font cmr10!
Missing character: There is no Ä in font cmr10!
Missing character: There is no ù in font cmr10!
Missing character: There is no ‚ in font cmr10!
Missing character: There is no Ä in font cmr10!
Missing character: There is no ú in font cmr10!
Missing character: There is no ‚ in font cmr10!
Missing character: There is no Ä in font cmr10!
Missing character: There is no ù in font cmr10!
Missing character: There is no ‚ in font cmr10!
Missing character: There is no Ä in font cmr10!
Missing character: There is no ú in font cmr10!
Missing character: There is no ‚ in font cmr10!
Missing character: There is no Ä in font cmr10!
Missing character: There is no ù in font cmr10!
Missing character: There is no ‚ in font cmr10!
Missing character: There is no Ä in font cmr10!
Missing character: There is no ú in font cmr10!
Missing character: There is no ‚ in font cmr10!
Missing character: There is no Ä in font cmr10!
Missing character: There is no ù in font cmr10!
Missing character: There is no ‚ in font cmr10!
Missing character: There is no Ä in font cmr10!
Missing character: There is no ú in font cmr10!
Missing character: There is no ‚ in font cmr10!
Missing character: There is no Ä in font cmr10!
Missing character: There is no ù in font cmr10!
Missing character: There is no ‚ in font cmr10!
Missing character: There is no Ä in font cmr10!
Missing character: There is no ú in font cmr10!
Missing character: There is no ‚ in font cmr10!
Missing character: There is no Ä in font cmr10!
Missing character: There is no ù in font cmr10!
Missing character: There is no ‚ in font cmr10!
Missing character: There is no Ä in font cmr10!
Missing character: There is no ú in font cmr10!
Missing character: There is no ‚ in font cmr10!
Missing character: There is no Ä in font cmr10!
Missing character: There is no ù in font cmr10!
Missing character: There is no ‚ in font cmr10!
Missing character: There is no Ä in font cmr10!
Missing character: There is no ú in font cmr10!
Missing character: There is no ‚ in font cmr10!
Missing character: There is no Ä in font cmr10!
Missing character: There is no ù in font cmr10!
Missing character: There is no ‚ in font cmr10!
Missing character: There is no Ä in font cmr10!
Missing character: There is no ô in font cmr10!
Missing character: There is no ‚ in font cmr10!
Missing character: There is no Ä in font cmr10!
Missing character: There is no ú in font cmr10!
Missing character: There is no ‚ in font cmr10!
Missing character: There is no Ä in font cmr10!
Missing character: There is no ù in font cmr10!
Missing character: There is no ‚ in font cmr10!
Missing character: There is no Ä in font cmr10!
Missing character: There is no ô in font cmr10!
Missing character: There is no ‚ in font cmr10!
Missing character: There is no Ä in font cmr10!
Missing character: There is no ú in font cmr10!
Missing character: There is no ‚ in font cmr10!
Missing character: There is no Ä in font cmr10!
Missing character: There is no ù in font cmr10!
Missing character: There is no ‚ in font cmr10!
Missing character: There is no Ä in font cmr10!
Missing character: There is no ô in font cmr10!
Missing character: There is no ‚ in font cmr10!
Missing character: There is no Ä in font cmr10!
Missing character: There is no ú in font cmr10!
Missing character: There is no ‚ in font cmr10!
Missing character: There is no Ä in font cmr10!
Missing character: There is no ù in font cmr10!
Missing character: There is no ‚ in font cmr10!
Missing character: There is no Ä in font cmr10!
Missing character: There is no ô in font cmr10!
Missing character: There is no ‚ in font cmr10!
Missing character: There is no Ä in font cmr10!
Missing character: There is no ú in font cmr10!
Missing character: There is no ‚ in font cmr10!
Missing character: There is no Ä in font cmr10!
Missing character: There is no ù in font cmr10!
Missing character: There is no ‚ in font cmr10!
Missing character: There is no Ä in font cmr10!
Missing character: There is no ô in font cmr10!
Missing character: There is no ‚ in font cmr10!
Missing character: There is no Ä in font cmr10!
Missing character: There is no ú in font cmr10!
Missing character: There is no ‚ in font cmr10!
Missing character: There is no Ä in font cmr10!
Missing character: There is no ù in font cmr10!
Missing character: There is no ‚ in font cmr10!
Missing character: There is no Ä in font cmr10!
Missing character: There is no ô in font cmr10!
Missing character: There is no ‚ in font cmr10!
Missing character: There is no Ä in font cmr10!
Missing character: There is no ú in font cmr10!
Missing character: There is no ‚ in font cmr10!
Missing character: There is no Ä in font cmr10!
Missing character: There is no ù in font cmr10!
Missing character: There is no ‚ in font cmr10!
Missing character: There is no Ä in font cmr10!
Missing character: There is no ô in font cmr10!
Missing character: There is no ‚ in font cmr10!
Missing character: There is no Ä in font cmr10!
Missing character: There is no ú in font cmr10!
Missing character: There is no ‚ in font cmr10!
Missing character: There is no Ä in font cmr10!
Missing character: There is no ù in font cmr10!
Missing character: There is no ‚ in font cmr10!
Missing character: There is no Ä in font cmr10!
Missing character: There is no ô in font cmr10!
Missing character: There is no ‚ in font cmr10!
Missing character: There is no Ä in font cmr10!
Missing character: There is no ô in font cmr10!
Missing character: There is no ‚ in font cmr10!
Missing character: There is no Ä in font cmr10!
Missing character: There is no ô in font cmr10!
Missing character: There is no ‚ in font cmr10!
Missing character: There is no Ä in font cmr10!
Missing character: There is no ô in font cmr10!
Missing character: There is no ‚ in font cmr10!
Missing character: There is no Ä in font cmr10!
Missing character: There is no ô in font cmr10!
Missing character: There is no ‚ in font cmr10!
Missing character: There is no Ä in font cmr10!
Missing character: There is no ô in font cmr10!
Missing character: There is no ‚ in font cmti10!
Missing character: There is no Ä in font cmti10!
Missing character: There is no ô in font cmti10!
Missing character: There is no ‚ in font cmti10!
Missing character: There is no Ä in font cmti10!
Missing character: There is no ô in font cmti10!
Missing character: There is no ‚ in font cmr10!
Missing character: There is no Ä in font cmr10!
Missing character: There is no ô in font cmr10!
Missing character: There is no ‚ in font cmr10!
Missing character: There is no Ä in font cmr10!
Missing character: There is no ô in font cmr10!
Missing character: There is no ‚ in font cmti10!
Missing character: There is no Ä in font cmti10!
Missing character: There is no ô in font cmti10!
Missing character: There is no ‚ in font cmti10!
Missing character: There is no Ä in font cmti10!
Missing character: There is no ô in font cmti10!
Missing character: There is no ‚ in font cmr10!
Missing character: There is no Ä in font cmr10!
Missing character: There is no ô in font cmr10!
Missing character: There is no ‚ in font cmr10!
Missing character: There is no Ä in font cmr10!
Missing character: There is no ô in font cmr10!
Missing character: There is no ‚ in font cmti10!
Missing character: There is no Ä in font cmti10!
Missing character: There is no ô in font cmti10!
Missing character: There is no ‚ in font cmti10!
Missing character: There is no Ä in font cmti10!
Missing character: There is no ô in font cmti10!
Missing character: There is no ‚ in font cmr10!
Missing character: There is no Ä in font cmr10!
Missing character: There is no ô in font cmr10!
Missing character: There is no ‚ in font cmr10!
Missing character: There is no Ä in font cmr10!
Missing character: There is no ô in font cmr10!
Missing character: There is no ‚ in font cmti10!
Missing character: There is no Ä in font cmti10!
Missing character: There is no ô in font cmti10!
Missing character: There is no ‚ in font cmti10!
Missing character: There is no Ä in font cmti10!
Missing character: There is no ô in font cmti10!
Missing character: There is no ‚ in font cmr10!
Missing character: There is no Ä in font cmr10!
Missing character: There is no ô in font cmr10!
Missing character: There is no ‚ in font cmr10!
Missing character: There is no Ä in font cmr10!
Missing character: There is no ô in font cmr10!
Missing character: There is no ‚ in font cmr10!
Missing character: There is no Ä in font cmr10!
Missing character: There is no ô in font cmr10!
Missing character: There is no ‚ in font cmr10!
Missing character: There is no Ä in font cmr10!
Missing character: There is no ô in font cmr10!
Missing character: There is no ‚ in font cmr10!
Missing character: There is no Ä in font cmr10!
Missing character: There is no ô in font cmr10!
Missing character: There is no ‚ in font cmr10!
Missing character: There is no Ä in font cmr10!
Missing character: There is no ô in font cmr10!
Missing character: There is no ‚ in font cmr10!
Missing character: There is no Ä in font cmr10!
Missing character: There is no ô in font cmr10!
Missing character: There is no ‚ in font cmr10!
Missing character: There is no Ä in font cmr10!
Missing character: There is no ô in font cmr10!
Missing character: There is no ‚ in font cmr10!
Missing character: There is no Ä in font cmr10!
Missing character: There is no ô in font cmr10!
Missing character: There is no ‚ in font cmr10!
Missing character: There is no Ä in font cmr10!
Missing character: There is no ô in font cmr10!
Missing character: There is no ‚ in font cmr10!
Missing character: There is no Ä in font cmr10!
Missing character: There is no ô in font cmr10!
Missing character: There is no ‚ in font cmr10!
Missing character: There is no Ä in font cmr10!
Missing character: There is no ô in font cmr10!
Missing character: There is no ‚ in font cmr10!
Missing character: There is no Ä in font cmr10!
Missing character: There is no ô in font cmr10!
Missing character: There is no ‚ in font cmr10!
Missing character: There is no Ä in font cmr10!
Missing character: There is no ô in font cmr10!
Missing character: There is no ‚ in font cmr10!
Missing character: There is no Ä in font cmr10!
Missing character: There is no ô in font cmr10!
Missing character: There is no ‚ in font cmr10!
Missing character: There is no Ä in font cmr10!
Missing character: There is no ô in font cmr10!
Missing character: There is no ‚ in font cmr10!
Missing character: There is no Ä in font cmr10!
Missing character: There is no ô in font cmr10!
Missing character: There is no ‚ in font cmr10!
Missing character: There is no Ä in font cmr10!
Missing character: There is no ú in font cmr10!
Missing character: There is no ‚ in font cmr10!
Missing character: There is no Ä in font cmr10!
Missing character: There is no ù in font cmr10!
Missing character: There is no ‚ in font cmr10!
Missing character: There is no Ä in font cmr10!
Missing character: There is no ú in font cmr10!
Missing character: There is no ‚ in font cmr10!
Missing character: There is no Ä in font cmr10!
Missing character: There is no ù in font cmr10!
Missing character: There is no ‚ in font cmr10!
Missing character: There is no Ä in font cmr10!
Missing character: There is no ú in font cmr10!
Missing character: There is no ‚ in font cmr10!
Missing character: There is no Ä in font cmr10!
Missing character: There is no ù in font cmr10!
Missing character: There is no ‚ in font cmr10!
Missing character: There is no Ä in font cmr10!
Missing character: There is no ú in font cmr10!
Missing character: There is no ‚ in font cmr10!
Missing character: There is no Ä in font cmr10!
Missing character: There is no ù in font cmr10!
Missing character: There is no ‚ in font cmr10!
Missing character: There is no Ä in font cmr10!
Missing character: There is no ô in font cmr10!
Missing character: There is no ‚ in font cmr10!
Missing character: There is no Ä in font cmr10!
Missing character: There is no ô in font cmr10!
Missing character: There is no ‚ in font cmr10!
Missing character: There is no Ä in font cmr10!
Missing character: There is no ô in font cmr10!
Missing character: There is no ‚ in font cmr10!
Missing character: There is no Ä in font cmr10!
Missing character: There is no ô in font cmr10!

Underfull \hbox (badness 1173) in paragraph at lines 700--700
[]|\OT1/cmr/m/n/10 The sys-tem no-ti-fies the user about the
 []


LaTeX Warning: `h' float specifier changed to `ht'.


LaTeX Warning: `h' float specifier changed to `ht'.


LaTeX Warning: `h' float specifier changed to `ht'.


LaTeX Warning: `h' float specifier changed to `ht'.


LaTeX Warning: `h' float specifier changed to `ht'.


LaTeX Warning: `h' float specifier changed to `ht'.


LaTeX Warning: `h' float specifier changed to `ht'.


LaTeX Warning: `h' float specifier changed to `ht'.


LaTeX Warning: `h' float specifier changed to `ht'.


LaTeX Warning: `h' float specifier changed to `ht'.


LaTeX Warning: `h' float specifier changed to `ht'.


LaTeX Warning: `h' float specifier changed to `ht'.

[20] [21] [22] [23] [24] [25] [26] [27] [28]
</home/francesco/git/Project_SE2_RTV/RASD/RASD_images/ClassDiagramCar.png, id=1
06, 1078.0275pt x 695.59875pt>
File: /home/francesco/git/Project_SE2_RTV/RASD/RASD_images/ClassDiagramCar.png 
Graphic file (type png)

<use /home/francesco/git/Project_SE2_RTV/RASD/RASD_images/ClassDiagramCar.png>
Package pdftex.def Info: /home/francesco/git/Project_SE2_RTV/RASD/RASD_images/C
lassDiagramCar.png used on input line 705.
(pdftex.def)             Requested size: 431.20335pt x 278.23457pt.

Overfull \hbox (86.20335pt too wide) in paragraph at lines 705--706
[][] 
 []

[29

 </home/francesco/git/Project_SE2_RTV/RASD/RASD_images/ClassDiagramCar.png>]
</home/francesco/git/Project_SE2_RTV/RASD/RASD_images/Login.png, id=111, 628.34
75pt x 1046.91125pt>
File: /home/francesco/git/Project_SE2_RTV/RASD/RASD_images/Login.png Graphic fi
le (type png)

<use /home/francesco/git/Project_SE2_RTV/RASD/RASD_images/Login.png>
Package pdftex.def Info: /home/francesco/git/Project_SE2_RTV/RASD/RASD_images/L
ogin.png used on input line 712.
(pdftex.def)             Requested size: 314.17297pt x 523.45435pt.
 [30

 </home/francesco/git/Project_SE2_RTV/RASD/RASD_images/Login.png>]
</home/francesco/git/Project_SE2_RTV/RASD/RASD_images/Registration.png, id=117,
 1321.93875pt x 1936.23375pt>
File: /home/francesco/git/Project_SE2_RTV/RASD/RASD_images/Registration.png Gra
phic file (type png)

<use /home/francesco/git/Project_SE2_RTV/RASD/RASD_images/Registration.png>
Package pdftex.def Info: /home/francesco/git/Project_SE2_RTV/RASD/RASD_images/R
egistration.png used on input line 718.
(pdftex.def)             Requested size: 396.58469pt x 580.87462pt.

Overfull \hbox (51.58469pt too wide) in paragraph at lines 718--719
[][] 
 []


LaTeX Warning: Float too large for page by 6.81906pt on input line 721.


LaTeX Warning: `!h' float specifier changed to `!ht'.

[31 </home/francesco/git/Project_SE2_RTV/RASD/RASD_images/Registration.png>]
</home/francesco/git/Project_SE2_RTV/RASD/RASD_images/Carreservation.png, id=12
2, 1036.87375pt x 1030.85126pt>
File: /home/francesco/git/Project_SE2_RTV/RASD/RASD_images/Carreservation.png G
raphic file (type png)

<use /home/francesco/git/Project_SE2_RTV/RASD/RASD_images/Carreservation.png>
Package pdftex.def Info: /home/francesco/git/Project_SE2_RTV/RASD/RASD_images/C
arreservation.png used on input line 724.
(pdftex.def)             Requested size: 414.74216pt x 412.33319pt.

Overfull \hbox (69.74216pt too wide) in paragraph at lines 724--725
[][] 
 []

[32


 </home/francesco/git/Project_SE2_RTV/RASD/RASD_images/Carreservation.png>]
</home/francesco/git/Project_SE2_RTV/RASD/RASD_images/Reportcarissue.png, id=12
7, 840.13875pt x 756.8275pt>
File: /home/francesco/git/Project_SE2_RTV/RASD/RASD_images/Reportcarissue.png G
raphic file (type png)

<use /home/francesco/git/Project_SE2_RTV/RASD/RASD_images/Reportcarissue.png>
Package pdftex.def Info: /home/francesco/git/Project_SE2_RTV/RASD/RASD_images/R
eportcarissue.png used on input line 730.
(pdftex.def)             Requested size: 420.06834pt x 378.41283pt.

Overfull \hbox (75.06834pt too wide) in paragraph at lines 730--731
[][] 
 []

[33

 </home/francesco/git/Project_SE2_RTV/RASD/RASD_images/Reportcarissue.png>]
</home/francesco/git/Project_SE2_RTV/RASD/RASD_images/ActivitydiagramPrenotazio
necancellazione.png, id=132, 1035.87pt x 1247.66125pt>
File: /home/francesco/git/Project_SE2_RTV/RASD/RASD_images/ActivitydiagramPreno
tazionecancellazione.png Graphic file (type png)

<use /home/francesco/git/Project_SE2_RTV/RASD/RASD_images/ActivitydiagramPrenot
azionecancellazione.png>
Package pdftex.def Info: /home/francesco/git/Project_SE2_RTV/RASD/RASD_images/A
ctivitydiagramPrenotazionecancellazione.png used on input line 737.
(pdftex.def)             Requested size: 414.34065pt x 499.05566pt.

Overfull \hbox (69.34065pt too wide) in paragraph at lines 737--738
[][] 
 []

[34

 </home/francesco/git/Project_SE2_RTV/RASD/RASD_images/ActivitydiagramPrenotazi
onecancellazione.png>]
</home/francesco/git/Project_SE2_RTV/RASD/RASD_images/StatediagramCAR.png, id=1
37, 888.31876pt x 425.59pt>
File: /home/francesco/git/Project_SE2_RTV/RASD/RASD_images/StatediagramCAR.png 
Graphic file (type png)

<use /home/francesco/git/Project_SE2_RTV/RASD/RASD_images/StatediagramCAR.png>
Package pdftex.def Info: /home/francesco/git/Project_SE2_RTV/RASD/RASD_images/S
tatediagramCAR.png used on input line 744.
(pdftex.def)             Requested size: 444.1583pt x 212.79446pt.

Overfull \hbox (99.1583pt too wide) in paragraph at lines 744--745
[][] 
 []

[35

 </home/francesco/git/Project_SE2_RTV/RASD/RASD_images/StatediagramCAR.png>]
LaTeX Font Info:    Try loading font information for OML+cmr on input line 768.

(/usr/local/texlive/2016/texmf-dist/tex/latex/base/omlcmr.fd
File: omlcmr.fd 2014/09/29 v2.5h Standard LaTeX font definitions
)
LaTeX Font Info:    Font shape `OML/cmr/m/n' in size <10> not available
(Font)              Font shape `OML/cmm/m/it' tried instead on input line 768.

Overfull \hbox (87.0044pt too wide) in paragraph at lines 791--792
[][][][][][][][][][][][][][][][][][][][][][][][][][][][][][][][][][][][] 
 []

[36

] [37]
Overfull \hbox (45.00397pt too wide) in paragraph at lines 852--853
[][][][][][][][][][][][][][] 
 []


Overfull \hbox (9.0036pt too wide) in paragraph at lines 853--854
[][][][][][][][][][][][] 
 []


Overfull \hbox (51.00403pt too wide) in paragraph at lines 854--855
[][][][][][][][][][][][][][][] 
 []


Overfull \hbox (27.00378pt too wide) in paragraph at lines 887--888
[][][][][][][][][][][][][][][][][][][][][][][][][][] 
 []


Overfull \hbox (75.00427pt too wide) in paragraph at lines 891--892
[][][][][][][][][][][][][][][][][][][][][][][][][][] 
 []

[38]
Overfull \hbox (3.00354pt too wide) in paragraph at lines 901--902
[][][][][][][][][][][][][][][][][][][][][][][] 
 []


Overfull \hbox (33.00385pt too wide) in paragraph at lines 907--908
[][][][][][][][][][][][][][][][][][][][][][][][][][] 
 []


Overfull \hbox (15.00366pt too wide) in paragraph at lines 915--916
[][][][][][][][][][][][][][][][][][][][][][][][][][][][][] 
 []


Overfull \hbox (3.00354pt too wide) in paragraph at lines 919--920
[][][][][][][][][][][][][][][][][][][][][][][][][][] 
 []


Overfull \hbox (27.00378pt too wide) in paragraph at lines 923--924
[][][][][][][][][][][][][][][][][][][][][][][][][][][][][][] 
 []


Overfull \hbox (69.00421pt too wide) in paragraph at lines 924--925
[][][][][][][][][][][][][][][][][][][][][][][] 
 []


Overfull \hbox (57.00409pt too wide) in paragraph at lines 945--946
[][][][][][][][][][][][][][][][][][] 
 []


Overfull \hbox (45.00397pt too wide) in paragraph at lines 946--947
[][][][][][][][][][][][][][][][] 
 []

[39]
Overfull \hbox (87.0044pt too wide) in paragraph at lines 950--951
[][][][][][][][][][][][][][][][][][][][][][][][][] 
 []


Overfull \hbox (63.00415pt too wide) in paragraph at lines 959--960
[][][][][][][][][][][][][][][][][][][][][][][][][][] 
 []


Overfull \hbox (15.00366pt too wide) in paragraph at lines 964--965
[][][][][][][][][][][][][][][][][][][][][] 
 []


Overfull \hbox (15.00366pt too wide) in paragraph at lines 968--969
[][][][][][][][][][][][][][][][][][][][][] 
 []


Overfull \hbox (75.00427pt too wide) in paragraph at lines 975--976
[][][][][][][][][][][][][][][][][][] 
 []


Overfull \hbox (87.0044pt too wide) in paragraph at lines 977--978
[][][][][][][][][][][][][][][][][][] 
 []


Overfull \hbox (75.00427pt too wide) in paragraph at lines 982--983
[][][][][][][][][][][][][][][][][][][][][][][][][][][] 
 []


Overfull \hbox (63.00415pt too wide) in paragraph at lines 983--984
[][][][][][][][][][][][][][][][][][][][][][][][] 
 []


Overfull \hbox (75.00427pt too wide) in paragraph at lines 989--990
[][][][][][][][][][][][][][][][][][][][][][][][][][][] 
 []


Overfull \hbox (39.0039pt too wide) in paragraph at lines 991--992
[][][][][][][][][][][][][][][][][][][][][][] 
 []


Overfull \hbox (9.0036pt too wide) in paragraph at lines 996--997
[][][][][][][][][][][][][][][][][][][][][][][][][][] 
 []

[40]
Overfull \hbox (15.00366pt too wide) in paragraph at lines 1014--1015
[][][][][][][][][][][][][][][][][][][][][] 
 []


Overfull \hbox (57.00409pt too wide) in paragraph at lines 1020--1021
[][][][][][][][][][][][][][][][][][][][][][][][][][][][][][][][] 
 []


Overfull \hbox (27.00378pt too wide) in paragraph at lines 1026--1027
[][][][][][][][][][][][][][][][] 
 []


Overfull \hbox (99.00452pt too wide) in paragraph at lines 1028--1029
[][][][][][][][][][][][][][][][] 
 []


Overfull \hbox (105.00458pt too wide) in paragraph at lines 1030--1031
[][][][][][][][][][][][][][][][] 
 []


Overfull \hbox (57.00409pt too wide) in paragraph at lines 1034--1035
[][][][][][][][][][][][][][][][][][][][][][][][][][][][] 
 []


Overfull \hbox (99.00452pt too wide) in paragraph at lines 1044--1045
[][][][][][][][][][][][][][][][][][][][][][][][] 
 []

[41]
Overfull \hbox (57.00409pt too wide) in paragraph at lines 1054--1055
[][][][][][][][][][][][][][][][] 
 []


Overfull \hbox (51.00403pt too wide) in paragraph at lines 1058--1059
[][][][][][][][][][][][][][][][][][][][][][][] 
 []


Overfull \hbox (9.0036pt too wide) in paragraph at lines 1068--1069
[][][][][][][][][][][][][][][][][][] 
 []


Overfull \hbox (27.00378pt too wide) in paragraph at lines 1074--1075
[][][][][][][][][][][][][][][][][][][][][][][] 
 []


Overfull \hbox (45.00397pt too wide) in paragraph at lines 1075--1076
[][][][][][][][][][][][][][][][] 
 []


Overfull \hbox (57.00409pt too wide) in paragraph at lines 1076--1077
[][][][][][][][][][][][][][][][] 
 []


Overfull \hbox (15.00366pt too wide) in paragraph at lines 1077--1078
[][][][][][][][][][][][][][][] 
 []


Underfull \hbox (badness 10000) in paragraph at lines 1123--1124

 []


Underfull \hbox (badness 10000) in paragraph at lines 1123--1124

 []


Underfull \hbox (badness 10000) in paragraph at lines 1123--1124

 []


Underfull \hbox (badness 10000) in paragraph at lines 1123--1124

 []


Underfull \hbox (badness 10000) in paragraph at lines 1123--1124

 []


Overfull \hbox (4.46986pt too wide) in paragraph at lines 1123--1124
\OT1/cmr/m/it/10 Executing "Check noUser-With-Mul-ti-pleReser-va-tion-Si-mul-ta
-ne-ously" No coun-terex-
 []


Underfull \hbox (badness 10000) in paragraph at lines 1123--1124

 []

[42] [43]
</home/francesco/git/Project_SE2_RTV/RASD/RASD_images/screen1.png, id=169, 564.
1075pt x 1521.685pt>
File: /home/francesco/git/Project_SE2_RTV/RASD/RASD_images/screen1.png Graphic 
file (type png)

<use /home/francesco/git/Project_SE2_RTV/RASD/RASD_images/screen1.png>
Package pdftex.def Info: /home/francesco/git/Project_SE2_RTV/RASD/RASD_images/s
creen1.png used on input line 1127.
(pdftex.def)             Requested size: 197.44057pt x 532.59773pt.
 [44

 </home/francesco/git/Project_SE2_RTV/RASD/RASD_images/screen1.png>] [45

]
(./RASD.aux) ) 
Here is how much of TeX's memory you used:
 2973 strings out of 493013
 45541 string characters out of 6133328
 155681 words of memory out of 5000000
 6482 multiletter control sequences out of 15000+600000
 8347 words of font info for 30 fonts, out of 8000000 for 9000
 1141 hyphenation exceptions out of 8191
 40i,10n,32p,883b,1395s stack positions out of 5000i,500n,10000p,200000b,80000s
</usr/local/texlive/2016/texmf-dist/fonts/type1/public/amsfonts/c
m/cmbx10.pfb></usr/local/texlive/2016/texmf-dist/fonts/type1/public/amsfonts/cm
/cmbx12.pfb></usr/local/texlive/2016/texmf-dist/fonts/type1/public/amsfonts/cm/
cmmi10.pfb></usr/local/texlive/2016/texmf-dist/fonts/type1/public/amsfonts/cm/c
mr10.pfb></usr/local/texlive/2016/texmf-dist/fonts/type1/public/amsfonts/cm/cmr
12.pfb></usr/local/texlive/2016/texmf-dist/fonts/type1/public/amsfonts/cm/cmr17
.pfb></usr/local/texlive/2016/texmf-dist/fonts/type1/public/amsfonts/cm/cmr7.pf
b></usr/local/texlive/2016/texmf-dist/fonts/type1/public/amsfonts/cm/cmsy10.pfb
></usr/local/texlive/2016/texmf-dist/fonts/type1/public/amsfonts/cm/cmti10.pfb>

Output written on RASD.pdf (46 pages, 783334 bytes).
PDF statistics:
 210 PDF objects out of 1000 (max. 8388607)
 132 compressed objects within 2 object streams
 0 named destinations out of 1000 (max. 500000)
 51 words of extra memory for PDF output out of 10000 (max. 10000000)

